<?xml version="1.0" encoding="UTF-8" standalone="no"?>
<!DOCTYPE log SYSTEM "logger.dtd">
<log>
<record>
  <date>2023-03-28T15:17:22.451134Z</date>
  <millis>1680016642451</millis>
  <nanos>134000</nanos>
  <sequence>0</sequence>
  <logger>itmo.lab6.server.ServerLogger</logger>
  <level>INFO</level>
  <class>itmo.lab6.server.UdpServer</class>
  <method>run</method>
  <thread>18</thread>
  <message>Starting server on port 5050</message>
</record>
<record>
  <date>2023-03-28T15:17:30.051632Z</date>
  <millis>1680016650051</millis>
  <nanos>632000</nanos>
  <sequence>1</sequence>
  <logger>itmo.lab6.server.ServerLogger</logger>
  <level>INFO</level>
  <class>itmo.lab6.commands.CommandHandler</class>
  <method>handlePacket</method>
  <thread>18</thread>
  <message>Received command SHOW from /127.0.0.1:59165</message>
</record>
<record>
  <date>2023-03-28T15:17:30.075886Z</date>
  <millis>1680016650075</millis>
  <nanos>886000</nanos>
  <sequence>2</sequence>
  <logger>itmo.lab6.server.ServerLogger</logger>
  <level>INFO</level>
  <class>itmo.lab6.commands.CommandHandler</class>
  <method>handlePacket</method>
  <thread>18</thread>
  <message>Sending 5 chunks to /127.0.0.1:59165</message>
</record>
<record>
  <date>2023-03-28T15:18:32.520812Z</date>
  <millis>1680016712520</millis>
  <nanos>812000</nanos>
  <sequence>3</sequence>
  <logger>itmo.lab6.server.ServerLogger</logger>
  <level>INFO</level>
  <class>itmo.lab6.commands.CommandHandler</class>
  <method>handlePacket</method>
  <thread>18</thread>
  <message>Received command SHOW from /172.28.27.247:58691</message>
</record>
<record>
  <date>2023-03-28T15:18:32.537593Z</date>
  <millis>1680016712537</millis>
  <nanos>593000</nanos>
  <sequence>4</sequence>
  <logger>itmo.lab6.server.ServerLogger</logger>
  <level>INFO</level>
  <class>itmo.lab6.commands.CommandHandler</class>
  <method>handlePacket</method>
  <thread>18</thread>
  <message>Sending 5 chunks to /172.28.27.247:58691</message>
</record>
<record>
  <date>2023-03-28T15:19:50.287167Z</date>
  <millis>1680016790287</millis>
  <nanos>167000</nanos>
  <sequence>5</sequence>
  <logger>itmo.lab6.server.ServerLogger</logger>
  <level>INFO</level>
  <class>itmo.lab6.commands.CommandHandler</class>
  <method>handlePacket</method>
  <thread>18</thread>
  <message>Received command SHOW from /172.28.27.247:55493</message>
</record>
<record>
  <date>2023-03-28T15:19:50.302167Z</date>
  <millis>1680016790302</millis>
  <nanos>167000</nanos>
  <sequence>6</sequence>
  <logger>itmo.lab6.server.ServerLogger</logger>
  <level>INFO</level>
  <class>itmo.lab6.commands.CommandHandler</class>
  <method>handlePacket</method>
  <thread>18</thread>
  <message>Sending 5 chunks to /172.28.27.247:55493</message>
</record>
<record>
  <date>2023-03-28T15:20:20.576628Z</date>
  <millis>1680016820576</millis>
  <nanos>628000</nanos>
  <sequence>7</sequence>
  <logger>itmo.lab6.server.ServerLogger</logger>
  <level>INFO</level>
  <class>itmo.lab6.commands.CommandHandler</class>
  <method>handlePacket</method>
  <thread>18</thread>
  <message>Received command SHOW from /172.28.27.247:56493</message>
</record>
<record>
  <date>2023-03-28T15:20:20.590059Z</date>
  <millis>1680016820590</millis>
  <nanos>59000</nanos>
  <sequence>8</sequence>
  <logger>itmo.lab6.server.ServerLogger</logger>
  <level>INFO</level>
  <class>itmo.lab6.commands.CommandHandler</class>
  <method>handlePacket</method>
  <thread>18</thread>
  <message>Sending 5 chunks to /172.28.27.247:56493</message>
</record>
<record>
  <date>2023-03-28T15:21:02.216455Z</date>
  <millis>1680016862216</millis>
  <nanos>455000</nanos>
  <sequence>9</sequence>
  <logger>itmo.lab6.server.ServerLogger</logger>
  <level>INFO</level>
  <class>itmo.lab6.commands.CommandHandler</class>
  <method>handlePacket</method>
  <thread>18</thread>
  <message>Received command SHOW from /172.28.27.247:58814</message>
</record>
<record>
  <date>2023-03-28T15:21:02.224128Z</date>
  <millis>1680016862224</millis>
  <nanos>128000</nanos>
  <sequence>10</sequence>
  <logger>itmo.lab6.server.ServerLogger</logger>
  <level>INFO</level>
  <class>itmo.lab6.commands.CommandHandler</class>
  <method>handlePacket</method>
  <thread>18</thread>
  <message>Sending 5 chunks to /172.28.27.247:58814</message>
</record>
<record>
  <date>2023-03-28T15:23:25.493009Z</date>
  <millis>1680017005493</millis>
  <nanos>9000</nanos>
  <sequence>11</sequence>
  <logger>itmo.lab6.server.ServerLogger</logger>
  <level>INFO</level>
  <class>itmo.lab6.commands.CommandHandler</class>
  <method>handlePacket</method>
  <thread>18</thread>
  <message>Received command SHOW from /172.28.27.247:62442</message>
</record>
<record>
  <date>2023-03-28T15:23:25.503451Z</date>
  <millis>1680017005503</millis>
  <nanos>451000</nanos>
  <sequence>12</sequence>
  <logger>itmo.lab6.server.ServerLogger</logger>
  <level>INFO</level>
  <class>itmo.lab6.commands.CommandHandler</class>
  <method>handlePacket</method>
  <thread>18</thread>
  <message>Sending 5 chunks to /172.28.27.247:62442</message>
</record>
<record>
  <date>2023-03-28T15:24:15.930206Z</date>
  <millis>1680017055930</millis>
  <nanos>206000</nanos>
  <sequence>13</sequence>
  <logger>itmo.lab6.server.ServerLogger</logger>
  <level>INFO</level>
  <class>itmo.lab6.commands.CommandHandler</class>
  <method>handlePacket</method>
  <thread>18</thread>
  <message>Received command SHOW from /172.28.27.247:61253</message>
</record>
<record>
  <date>2023-03-28T15:24:15.941517Z</date>
  <millis>1680017055941</millis>
  <nanos>517000</nanos>
  <sequence>14</sequence>
  <logger>itmo.lab6.server.ServerLogger</logger>
  <level>INFO</level>
  <class>itmo.lab6.commands.CommandHandler</class>
  <method>handlePacket</method>
  <thread>18</thread>
  <message>Sending 5 chunks to /172.28.27.247:61253</message>
</record>
<record>
  <date>2023-03-28T15:25:32.084398Z</date>
  <millis>1680017132084</millis>
  <nanos>398000</nanos>
  <sequence>15</sequence>
  <logger>itmo.lab6.server.ServerLogger</logger>
  <level>INFO</level>
  <class>itmo.lab6.commands.CommandHandler</class>
  <method>handlePacket</method>
  <thread>18</thread>
  <message>Received command SHOW from /172.28.27.247:49828</message>
</record>
<record>
  <date>2023-03-28T15:25:32.095234Z</date>
  <millis>1680017132095</millis>
  <nanos>234000</nanos>
  <sequence>16</sequence>
  <logger>itmo.lab6.server.ServerLogger</logger>
  <level>INFO</level>
  <class>itmo.lab6.commands.CommandHandler</class>
  <method>handlePacket</method>
  <thread>18</thread>
  <message>Sending 5 chunks to /172.28.27.247:49828</message>
</record>
<record>
  <date>2023-03-28T15:25:56.103703Z</date>
  <millis>1680017156103</millis>
  <nanos>703000</nanos>
  <sequence>17</sequence>
  <logger>itmo.lab6.server.ServerLogger</logger>
  <level>INFO</level>
  <class>itmo.lab6.commands.CommandHandler</class>
  <method>handlePacket</method>
  <thread>18</thread>
  <message>Received command SHOW from /172.28.27.247:53205</message>
</record>
<record>
  <date>2023-03-28T15:25:56.111059Z</date>
  <millis>1680017156111</millis>
  <nanos>59000</nanos>
  <sequence>18</sequence>
  <logger>itmo.lab6.server.ServerLogger</logger>
  <level>INFO</level>
  <class>itmo.lab6.commands.CommandHandler</class>
  <method>handlePacket</method>
  <thread>18</thread>
  <message>Sending 5 chunks to /172.28.27.247:53205</message>
</record>
<record>
  <date>2023-03-28T15:26:14.170783Z</date>
  <millis>1680017174170</millis>
  <nanos>783000</nanos>
  <sequence>19</sequence>
  <logger>itmo.lab6.server.ServerLogger</logger>
  <level>INFO</level>
  <class>itmo.lab6.commands.CommandHandler</class>
  <method>handlePacket</method>
  <thread>18</thread>
  <message>Received command SHOW from /172.28.27.247:61020</message>
</record>
<record>
  <date>2023-03-28T15:26:14.176623Z</date>
  <millis>1680017174176</millis>
  <nanos>623000</nanos>
  <sequence>20</sequence>
  <logger>itmo.lab6.server.ServerLogger</logger>
  <level>INFO</level>
  <class>itmo.lab6.commands.CommandHandler</class>
  <method>handlePacket</method>
  <thread>18</thread>
  <message>Sending 5 chunks to /172.28.27.247:61020</message>
</record>
<record>
  <date>2023-03-28T15:36:32.433152Z</date>
  <millis>1680017792433</millis>
  <nanos>152000</nanos>
  <sequence>21</sequence>
  <logger>itmo.lab6.server.ServerLogger</logger>
  <level>INFO</level>
  <class>itmo.lab6.commands.CommandHandler</class>
  <method>handlePacket</method>
  <thread>18</thread>
  <message>Received command SHOW from /127.0.0.1:49170</message>
</record>
<record>
  <date>2023-03-28T15:36:32.444156Z</date>
  <millis>1680017792444</millis>
  <nanos>156000</nanos>
  <sequence>22</sequence>
  <logger>itmo.lab6.server.ServerLogger</logger>
  <level>INFO</level>
  <class>itmo.lab6.commands.CommandHandler</class>
  <method>handlePacket</method>
  <thread>18</thread>
  <message>Sending 5 chunks to /127.0.0.1:49170</message>
</record>
</log>
